[LOG] System::create                           : Header version = 2.01.07. Current version = 2.01.07.
[LOG] Manager::init                            : maxchannels = 256 studioflags = 00000006 flags 00000000 extradriverdata 0000000000000000.
[LOG] SystemI::init                            : Initialize version=20107 (113487), maxchannels=256, flags=0x00020000
[LOG] SystemI::setOutputInternal               : Setting output to 'FMOD WASAPI Output'
[LOG] OutputWASAPI::init                       : Mix Format (WAVEFORMATEX): wFormatTag=0xFFFE, nChannels=2, nSamplesPerSec=48000, nAvgBytesPerSec=384000, nBlockAlign=8, wBitsPerSample=32, cbSize=22.
[LOG] OutputWASAPI::init                       : Mix Format (WAVEFORMATEXTENSIBLE): wValidBitsPerSample=32, dwChannelMask=0x00000003, SubFormat=00000003-0000-0010-8000-00AA00389B71.
[LOG] OutputWASAPI::init                       : Output buffer size: 4096 samples, latency: 0.00ms, period: 10.00ms, DSP buffer: 1024 * 4
[LOG] Thread::initThread                       : Init FMOD stream thread. Affinity: 0x8000000000000003, Priority: 0xFFFF7FFB, Stack Size: 98304, Semaphore: No, Sleep Time: 10, Looping: Yes.
[LOG] Thread::initThread                       : Init FMOD mixer thread. Affinity: 0x8000000000000001, Priority: 0xFFFF7FFA, Stack Size: 81920, Semaphore: No, Sleep Time: 0, Looping: Yes.
[LOG] AsyncManager::init                       : manager 0000013413CC47C8 isAsync 0 updatePeriod 0.02
[LOG] AsyncManager::init                       : done
[LOG] PlaybackSystem::init                     : 
[LOG] Thread::initThread                       : Init FMOD Studio sample load thread. Affinity: 0x8000000000000003, Priority: 0xFFFF7FFD, Stack Size: 98304, Semaphore: No, Sleep Time: 1, Looping: No.
[LOG] PlaybackSystem::init                     : done
[LOG] Thread::initThread                       : Init FMOD Studio bank load thread. Affinity: 0x8000000000000003, Priority: 0xFFFF7FFD, Stack Size: 98304, Semaphore: No, Sleep Time: 1, Looping: No.
[LOG] Manager::init                            : done.
[LOG] Manager::readBank                        : fileversion = 135, compatVersion = 132 (oldest = 44, newest = 135)
[LOG] PlaybackSystem::acquireMasterBus         : Setting master channel group format to 6
[LOG] Manager::readBank                        : fileversion = 135, compatVersion = 132 (oldest = 44, newest = 135)
[LOG] SystemI::createSoundInternal             : Create name='', mode=0x02000202
[LOG] SystemI::createSoundInternal             : exinfo->cbsize             = 224
[LOG] SystemI::createSoundInternal             : exinfo->length             = 535936
[LOG] SystemI::createSoundInternal             : exinfo->fileoffset         = 34144
[LOG] SystemI::createSoundInternal             : exinfo->numsubsounds       = 1
[LOG] SystemI::createSoundInternal             : exinfo->inclusionlist      = 00000011475CF5C8
[LOG] SystemI::createSoundInternal             : exinfo->inclusionlistnum   = 1
[LOG] SystemI::createSoundInternal             : exinfo->suggestedsoundtype = 5
[LOG] SystemI::createSoundInternal             : exinfo->useropen           = 00007FFFDD037B10
[LOG] SystemI::createSoundInternal             : exinfo->userclose          = 00007FFFDD037AE0
[LOG] SystemI::createSoundInternal             : exinfo->userread           = 00007FFFDD037BE0
[LOG] SystemI::createSoundInternal             : exinfo->userseek           = 00007FFFDD037CA0
[LOG] SystemI::createSoundInternal             : exinfo->fileuserdata       = 0000013420BD5118
[LOG] SystemI::createSoundInternal             : exinfo->initialseekpostype = 1
[LOG] SystemI::DSPCodecPoolRegister            : register codec pool for pool type 5
[LOG] SystemI::createSoundInternal             : Sample 0/1: name='MGrass_03', format=5, channels=2, frequency=48000, lengthbytes=9824, lengthpcm=72000, pcmblocksize=0, loopstart=0, loopend=0, mode=0x00000000, channelmask=0x00000000, channelorder=0, peakvolume=0.084651.
[LOG] SystemI::createSoundInternal             : Create name='', mode=0x02000202
[LOG] SystemI::createSoundInternal             : exinfo->cbsize             = 224
[LOG] SystemI::createSoundInternal             : exinfo->length             = 535936
[LOG] SystemI::createSoundInternal             : exinfo->fileoffset         = 34144
[LOG] SystemI::createSoundInternal             : exinfo->numsubsounds       = 1
[LOG] SystemI::createSoundInternal             : exinfo->inclusionlist      = 00000011475CF5C8
[LOG] SystemI::createSoundInternal             : exinfo->inclusionlistnum   = 1
[LOG] SystemI::createSoundInternal             : exinfo->suggestedsoundtype = 5
[LOG] SystemI::createSoundInternal             : exinfo->useropen           = 00007FFFDD037B10
[LOG] SystemI::createSoundInternal             : exinfo->userclose          = 00007FFFDD037AE0
[LOG] SystemI::createSoundInternal             : exinfo->userread           = 00007FFFDD037BE0
[LOG] SystemI::createSoundInternal             : exinfo->userseek           = 00007FFFDD037CA0
[LOG] SystemI::createSoundInternal             : exinfo->fileuserdata       = 0000013420BD5118
[LOG] SystemI::createSoundInternal             : exinfo->initialseekpostype = 1
[LOG] SystemI::DSPCodecPoolRegister            : register codec pool for pool type 5
[LOG] SystemI::createSoundInternal             : Sample 0/1: name='R_Water_01', format=5, channels=2, frequency=48000, lengthbytes=6656, lengthpcm=77997, pcmblocksize=0, loopstart=0, loopend=0, mode=0x00000000, channelmask=0x00000000, channelorder=0, peakvolume=0.028312.
[LOG] SystemI::createSoundInternal             : Create name='', mode=0x02000202
[LOG] SystemI::createSoundInternal             : exinfo->cbsize             = 224
[LOG] SystemI::createSoundInternal             : exinfo->length             = 535936
[LOG] SystemI::createSoundInternal             : exinfo->fileoffset         = 34144
[LOG] SystemI::createSoundInternal             : exinfo->numsubsounds       = 1
[LOG] SystemI::createSoundInternal             : exinfo->inclusionlist      = 00000011475CF5C8
[LOG] SystemI::createSoundInternal             : exinfo->inclusionlistnum   = 1
[LOG] SystemI::createSoundInternal             : exinfo->suggestedsoundtype = 5
[LOG] SystemI::createSoundInternal             : exinfo->useropen           = 00007FFFDD037B10
[LOG] SystemI::createSoundInternal             : exinfo->userclose          = 00007FFFDD037AE0
[LOG] SystemI::createSoundInternal             : exinfo->userread           = 00007FFFDD037BE0
[LOG] SystemI::createSoundInternal             : exinfo->userseek           = 00007FFFDD037CA0
[LOG] SystemI::createSoundInternal             : exinfo->fileuserdata       = 0000013420BD5118
[LOG] SystemI::createSoundInternal             : exinfo->initialseekpostype = 1
[LOG] SystemI::DSPCodecPoolRegister            : register codec pool for pool type 5
[LOG] SystemI::createSoundInternal             : Sample 0/1: name='MGrass_01', format=5, channels=2, frequency=48000, lengthbytes=10336, lengthpcm=72000, pcmblocksize=0, loopstart=0, loopend=0, mode=0x00000000, channelmask=0x00000000, channelorder=0, peakvolume=0.105402.
[LOG] SystemI::createSoundInternal             : Create name='', mode=0x02000202
[LOG] SystemI::createSoundInternal             : exinfo->cbsize             = 224
[LOG] SystemI::createSoundInternal             : exinfo->length             = 535936
[LOG] SystemI::createSoundInternal             : exinfo->fileoffset         = 34144
[LOG] SystemI::createSoundInternal             : exinfo->numsubsounds       = 1
[LOG] SystemI::createSoundInternal             : exinfo->inclusionlist      = 00000011475CF5C8
[LOG] SystemI::createSoundInternal             : exinfo->inclusionlistnum   = 1
[LOG] SystemI::createSoundInternal             : exinfo->suggestedsoundtype = 5
[LOG] SystemI::createSoundInternal             : exinfo->useropen           = 00007FFFDD037B10
[LOG] SystemI::createSoundInternal             : exinfo->userclose          = 00007FFFDD037AE0
[LOG] SystemI::createSoundInternal             : exinfo->userread           = 00007FFFDD037BE0
[LOG] SystemI::createSoundInternal             : exinfo->userseek           = 00007FFFDD037CA0
[LOG] SystemI::createSoundInternal             : exinfo->fileuserdata       = 0000013420BD5118
[LOG] SystemI::createSoundInternal             : exinfo->initialseekpostype = 1
[LOG] SystemI::DSPCodecPoolRegister            : register codec pool for pool type 5
[LOG] SystemI::createSoundInternal             : Sample 0/1: name='R_Footsteps_13', format=5, channels=2, frequency=48000, lengthbytes=4992, lengthpcm=72000, pcmblocksize=0, loopstart=0, loopend=0, mode=0x00000000, channelmask=0x00000000, channelorder=0, peakvolume=0.330201.
[LOG] SystemI::createSoundInternal             : Create name='', mode=0x02000202
[LOG] SystemI::createSoundInternal             : exinfo->cbsize             = 224
[LOG] SystemI::createSoundInternal             : exinfo->length             = 535936
[LOG] SystemI::createSoundInternal             : exinfo->fileoffset         = 34144
[LOG] SystemI::createSoundInternal             : exinfo->numsubsounds       = 1
[LOG] SystemI::createSoundInternal             : exinfo->inclusionlist      = 00000011475CF5C8
[LOG] SystemI::createSoundInternal             : exinfo->inclusionlistnum   = 1
[LOG] SystemI::createSoundInternal             : exinfo->suggestedsoundtype = 5
[LOG] SystemI::createSoundInternal             : exinfo->useropen           = 00007FFFDD037B10
[LOG] SystemI::createSoundInternal             : exinfo->userclose          = 00007FFFDD037AE0
[LOG] SystemI::createSoundInternal             : exinfo->userread           = 00007FFFDD037BE0
[LOG] SystemI::createSoundInternal             : exinfo->userseek           = 00007FFFDD037CA0
[LOG] SystemI::createSoundInternal             : exinfo->fileuserdata       = 0000013420BD5118
[LOG] SystemI::createSoundInternal             : exinfo->initialseekpostype = 1
[LOG] SystemI::DSPCodecPoolRegister            : register codec pool for pool type 5
[LOG] SystemI::createSoundInternal             : Sample 0/1: name='R_Water_05', format=5, channels=2, frequency=48000, lengthbytes=11936, lengthpcm=106854, pcmblocksize=0, loopstart=0, loopend=0, mode=0x00000000, channelmask=0x00000000, channelorder=0, peakvolume=0.017471.
[LOG] SystemI::createSoundInternal             : Create name='', mode=0x02000202
[LOG] SystemI::createSoundInternal             : exinfo->cbsize             = 224
[LOG] SystemI::createSoundInternal             : exinfo->length             = 535936
[LOG] SystemI::createSoundInternal             : exinfo->fileoffset         = 34144
[LOG] SystemI::createSoundInternal             : exinfo->numsubsounds       = 1
[LOG] SystemI::createSoundInternal             : exinfo->inclusionlist      = 00000011475CF5C8
[LOG] SystemI::createSoundInternal             : exinfo->inclusionlistnum   = 1
[LOG] SystemI::createSoundInternal             : exinfo->suggestedsoundtype = 5
[LOG] SystemI::createSoundInternal             : exinfo->useropen           = 00007FFFDD037B10
[LOG] SystemI::createSoundInternal             : exinfo->userclose          = 00007FFFDD037AE0
[LOG] SystemI::createSoundInternal             : exinfo->userread           = 00007FFFDD037BE0
[LOG] SystemI::createSoundInternal             : exinfo->userseek           = 00007FFFDD037CA0
[LOG] SystemI::createSoundInternal             : exinfo->fileuserdata       = 0000013420BD5118
[LOG] SystemI::createSoundInternal             : exinfo->initialseekpostype = 1
[LOG] SystemI::DSPCodecPoolRegister            : register codec pool for pool type 5
[LOG] SystemI::createSoundInternal             : Sample 0/1: name='R_Water_03', format=5, channels=2, frequency=48000, lengthbytes=5376, lengthpcm=72151, pcmblocksize=0, loopstart=0, loopend=0, mode=0x00000000, channelmask=0x00000000, channelorder=0, peakvolume=0.019658.
[LOG] SystemI::createSoundInternal             : Create name='', mode=0x02000202
[LOG] SystemI::createSoundInternal             : exinfo->cbsize             = 224
[LOG] SystemI::createSoundInternal             : exinfo->length             = 535936
[LOG] SystemI::createSoundInternal             : exinfo->fileoffset         = 34144
[LOG] SystemI::createSoundInternal             : exinfo->numsubsounds       = 1
[LOG] SystemI::createSoundInternal             : exinfo->inclusionlist      = 00000011475CF5C8
[LOG] SystemI::createSoundInternal             : exinfo->inclusionlistnum   = 1
[LOG] SystemI::createSoundInternal             : exinfo->suggestedsoundtype = 5
[LOG] SystemI::createSoundInternal             : exinfo->useropen           = 00007FFFDD037B10
[LOG] SystemI::createSoundInternal             : exinfo->userclose          = 00007FFFDD037AE0
[LOG] SystemI::createSoundInternal             : exinfo->userread           = 00007FFFDD037BE0
[LOG] SystemI::createSoundInternal             : exinfo->userseek           = 00007FFFDD037CA0
[LOG] SystemI::createSoundInternal             : exinfo->fileuserdata       = 0000013420BD5118
[LOG] SystemI::createSoundInternal             : exinfo->initialseekpostype = 1
[LOG] SystemI::DSPCodecPoolRegister            : register codec pool for pool type 5
[LOG] SystemI::createSoundInternal             : Sample 0/1: name='R_Footsteps_11', format=5, channels=2, frequency=48000, lengthbytes=5024, lengthpcm=72000, pcmblocksize=0, loopstart=0, loopend=0, mode=0x00000000, channelmask=0x00000000, channelorder=0, peakvolume=0.425389.
[LOG] SystemI::createSoundInternal             : Create name='', mode=0x02000202
[LOG] SystemI::createSoundInternal             : exinfo->cbsize             = 224
[LOG] SystemI::createSoundInternal             : exinfo->length             = 535936
[LOG] SystemI::createSoundInternal             : exinfo->fileoffset         = 34144
[LOG] SystemI::createSoundInternal             : exinfo->numsubsounds       = 1
[LOG] SystemI::createSoundInternal             : exinfo->inclusionlist      = 00000011475CF5C8
[LOG] SystemI::createSoundInternal             : exinfo->inclusionlistnum   = 1
[LOG] SystemI::createSoundInternal             : exinfo->suggestedsoundtype = 5
[LOG] SystemI::createSoundInternal             : exinfo->useropen           = 00007FFFDD037B10
[LOG] SystemI::createSoundInternal             : exinfo->userclose          = 00007FFFDD037AE0
[LOG] SystemI::createSoundInternal             : exinfo->userread           = 00007FFFDD037BE0
[LOG] SystemI::createSoundInternal             : exinfo->userseek           = 00007FFFDD037CA0
[LOG] SystemI::createSoundInternal             : exinfo->fileuserdata       = 0000013420BD5118
[LOG] SystemI::createSoundInternal             : exinfo->initialseekpostype = 1
[LOG] SystemI::DSPCodecPoolRegister            : register codec pool for pool type 5
[LOG] SystemI::createSoundInternal             : Sample 0/1: name='R_Footsteps_12', format=5, channels=2, frequency=48000, lengthbytes=5184, lengthpcm=72000, pcmblocksize=0, loopstart=0, loopend=0, mode=0x00000000, channelmask=0x00000000, channelorder=0, peakvolume=0.841143.
[LOG] SystemI::createSoundInternal             : Create name='', mode=0x02000202
[LOG] SystemI::createSoundInternal             : exinfo->cbsize             = 224
[LOG] SystemI::createSoundInternal             : exinfo->length             = 535936
[LOG] SystemI::createSoundInternal             : exinfo->fileoffset         = 34144
[LOG] SystemI::createSoundInternal             : exinfo->numsubsounds       = 1
[LOG] SystemI::createSoundInternal             : exinfo->inclusionlist      = 00000011475CF5C8
[LOG] SystemI::createSoundInternal             : exinfo->inclusionlistnum   = 1
[LOG] SystemI::createSoundInternal             : exinfo->suggestedsoundtype = 5
[LOG] SystemI::createSoundInternal             : exinfo->useropen           = 00007FFFDD037B10
[LOG] SystemI::createSoundInternal             : exinfo->userclose          = 00007FFFDD037AE0
[LOG] SystemI::createSoundInternal             : exinfo->userread           = 00007FFFDD037BE0
[LOG] SystemI::createSoundInternal             : exinfo->userseek           = 00007FFFDD037CA0
[LOG] SystemI::createSoundInternal             : exinfo->fileuserdata       = 0000013420BD5118
[LOG] SystemI::createSoundInternal             : exinfo->initialseekpostype = 1
[LOG] SystemI::DSPCodecPoolRegister            : register codec pool for pool type 5
[LOG] SystemI::createSoundInternal             : Sample 0/1: name='MGrass_04', format=5, channels=2, frequency=48000, lengthbytes=11008, lengthpcm=72000, pcmblocksize=0, loopstart=0, loopend=0, mode=0x00000000, channelmask=0x00000000, channelorder=0, peakvolume=0.092616.
[LOG] SystemI::createSoundInternal             : Create name='', mode=0x02000202
[LOG] SystemI::createSoundInternal             : exinfo->cbsize             = 224
[LOG] SystemI::createSoundInternal             : exinfo->length             = 535936
[LOG] SystemI::createSoundInternal             : exinfo->fileoffset         = 34144
[LOG] SystemI::createSoundInternal             : exinfo->numsubsounds       = 1
[LOG] SystemI::createSoundInternal             : exinfo->inclusionlist      = 00000011475CF5C8
[LOG] SystemI::createSoundInternal             : exinfo->inclusionlistnum   = 1
[LOG] SystemI::createSoundInternal             : exinfo->suggestedsoundtype = 5
[LOG] SystemI::createSoundInternal             : exinfo->useropen           = 00007FFFDD037B10
[LOG] SystemI::createSoundInternal             : exinfo->userclose          = 00007FFFDD037AE0
[LOG] SystemI::createSoundInternal             : exinfo->userread           = 00007FFFDD037BE0
[LOG] SystemI::createSoundInternal             : exinfo->userseek           = 00007FFFDD037CA0
[LOG] SystemI::createSoundInternal             : exinfo->fileuserdata       = 0000013420BD5118
[LOG] SystemI::createSoundInternal             : exinfo->initialseekpostype = 1
[LOG] SystemI::DSPCodecPoolRegister            : register codec pool for pool type 5
[LOG] SystemI::createSoundInternal             : Sample 0/1: name='MGrass_02', format=5, channels=2, frequency=48000, lengthbytes=10464, lengthpcm=72000, pcmblocksize=0, loopstart=0, loopend=0, mode=0x00000000, channelmask=0x00000000, channelorder=0, peakvolume=0.075148.
[LOG] SystemI::createSoundInternal             : Create name='', mode=0x02000202
[LOG] SystemI::createSoundInternal             : exinfo->cbsize             = 224
[LOG] SystemI::createSoundInternal             : exinfo->length             = 535936
[LOG] SystemI::createSoundInternal             : exinfo->fileoffset         = 34144
[LOG] SystemI::createSoundInternal             : exinfo->numsubsounds       = 1
[LOG] SystemI::createSoundInternal             : exinfo->inclusionlist      = 00000011475CF5C8
[LOG] SystemI::createSoundInternal             : exinfo->inclusionlistnum   = 1
[LOG] SystemI::createSoundInternal             : exinfo->suggestedsoundtype = 5
[LOG] SystemI::createSoundInternal             : exinfo->useropen           = 00007FFFDD037B10
[LOG] SystemI::createSoundInternal             : exinfo->userclose          = 00007FFFDD037AE0
[LOG] SystemI::createSoundInternal             : exinfo->userread           = 00007FFFDD037BE0
[LOG] SystemI::createSoundInternal             : exinfo->userseek           = 00007FFFDD037CA0
[LOG] SystemI::createSoundInternal             : exinfo->fileuserdata       = 0000013420BD5118
[LOG] SystemI::createSoundInternal             : exinfo->initialseekpostype = 1
[LOG] SystemI::DSPCodecPoolRegister            : register codec pool for pool type 5
[LOG] SystemI::createSoundInternal             : Sample 0/1: name='MGrass_05', format=5, channels=2, frequency=48000, lengthbytes=8128, lengthpcm=62370, pcmblocksize=0, loopstart=0, loopend=0, mode=0x00000000, channelmask=0x00000000, channelorder=0, peakvolume=0.082353.
[LOG] SystemI::createSoundInternal             : Create name='', mode=0x02000202
[LOG] SystemI::createSoundInternal             : exinfo->cbsize             = 224
[LOG] SystemI::createSoundInternal             : exinfo->length             = 535936
[LOG] SystemI::createSoundInternal             : exinfo->fileoffset         = 34144
[LOG] SystemI::createSoundInternal             : exinfo->numsubsounds       = 1
[LOG] SystemI::createSoundInternal             : exinfo->inclusionlist      = 00000011475CF5C8
[LOG] SystemI::createSoundInternal             : exinfo->inclusionlistnum   = 1
[LOG] SystemI::createSoundInternal             : exinfo->suggestedsoundtype = 5
[LOG] SystemI::createSoundInternal             : exinfo->useropen           = 00007FFFDD037B10
[LOG] SystemI::createSoundInternal             : exinfo->userclose          = 00007FFFDD037AE0
[LOG] SystemI::createSoundInternal             : exinfo->userread           = 00007FFFDD037BE0
[LOG] SystemI::createSoundInternal             : exinfo->userseek           = 00007FFFDD037CA0
[LOG] SystemI::createSoundInternal             : exinfo->fileuserdata       = 0000013420BD5118
[LOG] SystemI::createSoundInternal             : exinfo->initialseekpostype = 1
[LOG] SystemI::DSPCodecPoolRegister            : register codec pool for pool type 5
[LOG] SystemI::createSoundInternal             : Sample 0/1: name='R_Water_04', format=5, channels=2, frequency=48000, lengthbytes=11136, lengthpcm=100214, pcmblocksize=0, loopstart=0, loopend=0, mode=0x00000000, channelmask=0x00000000, channelorder=0, peakvolume=0.024130.
[LOG] SystemI::createSoundInternal             : Create name='', mode=0x02000202
[LOG] SystemI::createSoundInternal             : exinfo->cbsize             = 224
[LOG] SystemI::createSoundInternal             : exinfo->length             = 535936
[LOG] SystemI::createSoundInternal             : exinfo->fileoffset         = 34144
[LOG] SystemI::createSoundInternal             : exinfo->numsubsounds       = 1
[LOG] SystemI::createSoundInternal             : exinfo->inclusionlist      = 00000011475CF5C8
[LOG] SystemI::createSoundInternal             : exinfo->inclusionlistnum   = 1
[LOG] SystemI::createSoundInternal             : exinfo->suggestedsoundtype = 5
[LOG] SystemI::createSoundInternal             : exinfo->useropen           = 00007FFFDD037B10
[LOG] SystemI::createSoundInternal             : exinfo->userclose          = 00007FFFDD037AE0
[LOG] SystemI::createSoundInternal             : exinfo->userread           = 00007FFFDD037BE0
[LOG] SystemI::createSoundInternal             : exinfo->userseek           = 00007FFFDD037CA0
[LOG] SystemI::createSoundInternal             : exinfo->fileuserdata       = 0000013420BD5118
[LOG] SystemI::createSoundInternal             : exinfo->initialseekpostype = 1
[LOG] SystemI::DSPCodecPoolRegister            : register codec pool for pool type 5
[LOG] SystemI::createSoundInternal             : Sample 0/1: name='R_Water_02', format=5, channels=2, frequency=48000, lengthbytes=4160, lengthpcm=63136, pcmblocksize=0, loopstart=0, loopend=0, mode=0x00000000, channelmask=0x00000000, channelorder=0, peakvolume=0.047836.
[LOG] SoundI::release                          :  (00000133937663C8)
[LOG] SoundI::release                          :     R_Footsteps_11 (0000013395C03B18)
[LOG] SoundI::release                          :  (0000013393765B28)
[LOG] SoundI::release                          :     R_Footsteps_12 (0000013395C01F78)
[LOG] SoundI::release                          :  (000001339376A758)
[LOG] SoundI::release                          :     R_Footsteps_13 (00000133908C5AA8)
[LOG] SoundI::release                          :  (00000133937691C8)
[LOG] SoundI::release                          :     R_Water_01 (00000133908C55C8)
[LOG] SoundI::release                          :  (0000013393768C08)
[LOG] SoundI::release                          :     R_Water_02 (000001339A6FA798)
[LOG] SoundI::release                          :  (0000013393764CC8)
[LOG] SoundI::release                          :     R_Water_03 (0000013395C03638)
[LOG] SoundI::release                          :  (00000133937653F8)
[LOG] SoundI::release                          :     R_Water_04 (000001339A6F88B8)
[LOG] SoundI::release                          :  (00000133937694A8)
[LOG] SoundI::release                          :     R_Water_05 (0000013395C03158)
[LOG] SoundI::release                          :  (00000133937659B8)
[LOG] SoundI::release                          :     MGrass_01 (00000133908C5768)
[LOG] SoundI::release                          :  (0000013393766818)
[LOG] SoundI::release                          :     MGrass_02 (000001339A6F57F8)
[LOG] SoundI::release                          :  (00000133937687B8)
[LOG] SoundI::release                          :     MGrass_03 (00000133908C9048)
[LOG] SoundI::release                          :  (0000013393766F48)
[LOG] SoundI::release                          :     MGrass_04 (0000013395C03978)
[LOG] SoundI::release                          :  (0000013393768A98)
[LOG] SoundI::release                          :     MGrass_05 (000001339A6F5B38)
[LOG] SoundI::release                          :  (000001341344A7A8)
[LOG] SoundI::release                          :     Cloth_01 (000001339D069628)
[LOG] SoundI::release                          :  (00000134B269E7F8)
[LOG] SoundI::release                          :     Cloth_02 (000001339A040898)
[LOG] SoundI::release                          :  (000001319897F348)
[LOG] SoundI::release                          :     Cloth_03 (000001339A03E4D8)
[LOG] SoundI::release                          :  (000001341344A638)
[LOG] SoundI::release                          :     Cloth_04 (000001339D063B28)
[LOG] SoundI::release                          :  (00000134B269EF28)
[LOG] SoundI::release                          :     Cloth_05 (000001339A0406F8)
[LOG] SoundI::release                          :  (00000134B269F208)
[LOG] SoundI::release                          :     GrassFS_01 (000001339A041738)
[LOG] SoundI::release                          :  (000001341344A358)
[LOG] SoundI::release                          :     GrassFS_02 (000001339D04D408)
[LOG] SoundI::release                          :  (000001319897E7C8)
[LOG] SoundI::release                          :     GrassFS_03 (0000013395B16318)
[LOG] SoundI::release                          :  (00000134B269E688)
[LOG] SoundI::release                          :     GrassFS_04 (000001339A03DFF8)
[LOG] SoundI::release                          :  (000001319897EEF8)
[LOG] SoundI::release                          :     GrassFS_05 (0000013395B15138)
[LOG] SoundI::release                          :  (000001341344A4C8)
[LOG] SoundI::release                          :     GrassFS_06 (000001339D0600A8)
[LOG] SoundI::release                          :  (00000134B269E968)
[LOG] SoundI::release                          :     StoneFS_01 (000001339A040D78)
[LOG] SoundI::release                          :  (000001341344A918)
[LOG] SoundI::release                          :     StoneFS_02 (000001339D06BB88)
[LOG] SoundI::release                          :  (00000134B269EDB8)
[LOG] SoundI::release                          :     StoneFS_03 (000001339A040F18)
[LOG] SoundI::release                          :  (00000134B269E518)
[LOG] SoundI::release                          :     StoneFS_04 (000001339A03FD38)
[LOG] SoundI::release                          :  (000001319897F1D8)
[LOG] SoundI::release                          :     StoneFS_05 (000001339A03E338)
[LOG] SoundI::release                          :  (000001319897EAA8)
[LOG] SoundI::release                          :     Keys_01 (0000013395B17B78)
[LOG] SoundI::release                          :  (00000134B269F098)
[LOG] SoundI::release                          :     Keys_02 (000001339A03F858)
[LOG] SoundI::release                          :  (00000134B269EAD8)
[LOG] SoundI::release                          :     Keys_03 (000001339A0410B8)
[LOG] SoundI::release                          :  (00000134B269EC48)
[LOG] SoundI::release                          :     Keys_04 (000001339A041258)
[LOG] SoundI::release                          :  (000001341344AA88)
[LOG] SoundI::release                          :     MGrass_04 (0000013395C032F8)
[LOG] SoundI::release                          :  (000001341344A1E8)
[LOG] SoundI::release                          :     MGrass_05 (0000013395C01DD8)
[LOG] Thread::callback                         : FMOD Studio update thread finished.
[LOG] Thread::callback                         : FMOD Studio bank load thread finished.
[LOG] Profile::disconnectAll                   : Profiler disconnecting all clients
[LOG] Thread::callback                         : FMOD Studio sample load thread finished.
[LOG] LiveUpdate::release                      : 
[LOG] LiveUpdate::reset                        : Reset connection (reason Disconnected)
[LOG] Thread::callback                         : FMOD stream thread finished.
[LOG] Thread::callback                         : FMOD mixer thread finished.
[LOG] Profile::disconnectAll                   : Profiler disconnecting all clients
[LOG] SystemI::close                           : Closed.
[LOG] Thread::callback                         : FMOD Studio bank load thread finished.
[LOG] Thread::callback                         : FMOD Studio sample load thread finished.
[LOG] LiveUpdate::release                      : 
[LOG] LiveUpdate::reset                        : Reset connection (reason Disconnected)
[LOG] Thread::callback                         : FMOD stream thread finished.
[LOG] Thread::callback                         : FMOD mixer thread finished.
[LOG] SystemI::close                           : Closed.
